
> lumira-backend@1.0.0 dev
> tsx watch src/app.ts

[32minfo[39m: Server running on port 3001 in development mode {"service":"lumira-api","timestamp":"2026-02-25T01:50:33.612Z"}
Redis connected successfully
[32minfo[39m: ::1 - - [25/Feb/2026:01:52:03 +0000] "GET /api/health HTTP/1.1" 404 149 "-" "curl/8.7.1" {"service":"lumira-api","timestamp":"2026-02-25T01:52:03.390Z"}
[32minfo[39m: ::1 - - [25/Feb/2026:01:52:51 +0000] "GET /api/auth/me HTTP/1.1" 401 134 "http://localhost:3000/" "Mozilla/5.0 (Macintosh; Intel Mac OS X 10_15_7) AppleWebKit/537.36 (KHTML, like Gecko) Chrome/145.0.0.0 Safari/537.36" {"service":"lumira-api","timestamp":"2026-02-25T01:52:51.993Z"}
[32minfo[39m: ::1 - - [25/Feb/2026:01:52:58 +0000] "GET /api/auth/me HTTP/1.1" 401 134 "http://localhost:3000/" "Mozilla/5.0 (Macintosh; Intel Mac OS X 10_15_7) AppleWebKit/537.36 (KHTML, like Gecko) Chrome/145.0.0.0 Safari/537.36" {"service":"lumira-api","timestamp":"2026-02-25T01:52:58.499Z"}
prisma:error 
Invalid `prisma.user.findUnique()` invocation in
/Users/lijunyi/road/lumira/lumira-backend/src/services/auth.service.ts:55:36

  52 }
  53 
  54 async login(email: string, password: string): Promise<{ user: UserResponse; tokens: AuthTokens }> {
→ 55   const user = await prisma.user.findUnique(
Authentication failed against database server at `localhost`, the provided database credentials for `user` are not valid.

Please make sure to provide valid database credentials for the database server at `localhost`.
[31merror[39m: Error occurred: {"error":"\nInvalid `prisma.user.findUnique()` invocation in\n/Users/lijunyi/road/lumira/lumira-backend/src/services/auth.service.ts:55:36\n\n  52 }\n  53 \n  54 async login(email: string, password: string): Promise<{ user: UserResponse; tokens: AuthTokens }> {\n→ 55   const user = await prisma.user.findUnique(\nAuthentication failed against database server at `localhost`, the provided database credentials for `user` are not valid.\n\nPlease make sure to provide valid database credentials for the database server at `localhost`.","method":"POST","path":"/api/auth/login","service":"lumira-api","stack":"PrismaClientInitializationError: \nInvalid `prisma.user.findUnique()` invocation in\n/Users/lijunyi/road/lumira/lumira-backend/src/services/auth.service.ts:55:36\n\n  52 }\n  53 \n  54 async login(email: string, password: string): Promise<{ user: UserResponse; tokens: AuthTokens }> {\n→ 55   const user = await prisma.user.findUnique(\nAuthentication failed against database server at `localhost`, the provided database credentials for `user` are not valid.\n\nPlease make sure to provide valid database credentials for the database server at `localhost`.\n    at $n.handleRequestError (/Users/lijunyi/road/lumira/lumira-backend/node_modules/@prisma/client/runtime/library.js:121:7615)\n    at $n.handleAndLogRequestError (/Users/lijunyi/road/lumira/lumira-backend/node_modules/@prisma/client/runtime/library.js:121:6623)\n    at $n.request (/Users/lijunyi/road/lumira/lumira-backend/node_modules/@prisma/client/runtime/library.js:121:6307)\n    at async l (/Users/lijunyi/road/lumira/lumira-backend/node_modules/@prisma/client/runtime/library.js:130:9633)\n    at async AuthService.login (/Users/lijunyi/road/lumira/lumira-backend/src/services/auth.service.ts:55:18)\n    at async login (/Users/lijunyi/road/lumira/lumira-backend/src/controllers/auth.controller.ts:24:22)","timestamp":"2026-02-25T01:53:03.858Z"}
[32minfo[39m: ::1 - - [25/Feb/2026:01:53:03 +0000] "POST /api/auth/login HTTP/1.1" 500 140 "http://localhost:3000/" "Mozilla/5.0 (Macintosh; Intel Mac OS X 10_15_7) AppleWebKit/537.36 (KHTML, like Gecko) Chrome/145.0.0.0 Safari/537.36" {"service":"lumira-api","timestamp":"2026-02-25T01:53:03.859Z"}
prisma:error 
Invalid `prisma.user.findUnique()` invocation in
/Users/lijunyi/road/lumira/lumira-backend/src/services/auth.service.ts:55:36

  52 }
  53 
  54 async login(email: string, password: string): Promise<{ user: UserResponse; tokens: AuthTokens }> {
→ 55   const user = await prisma.user.findUnique(
Authentication failed against database server at `localhost`, the provided database credentials for `user` are not valid.

Please make sure to provide valid database credentials for the database server at `localhost`.
[31merror[39m: Error occurred: {"error":"\nInvalid `prisma.user.findUnique()` invocation in\n/Users/lijunyi/road/lumira/lumira-backend/src/services/auth.service.ts:55:36\n\n  52 }\n  53 \n  54 async login(email: string, password: string): Promise<{ user: UserResponse; tokens: AuthTokens }> {\n→ 55   const user = await prisma.user.findUnique(\nAuthentication failed against database server at `localhost`, the provided database credentials for `user` are not valid.\n\nPlease make sure to provide valid database credentials for the database server at `localhost`.","method":"POST","path":"/api/auth/login","service":"lumira-api","stack":"PrismaClientInitializationError: \nInvalid `prisma.user.findUnique()` invocation in\n/Users/lijunyi/road/lumira/lumira-backend/src/services/auth.service.ts:55:36\n\n  52 }\n  53 \n  54 async login(email: string, password: string): Promise<{ user: UserResponse; tokens: AuthTokens }> {\n→ 55   const user = await prisma.user.findUnique(\nAuthentication failed against database server at `localhost`, the provided database credentials for `user` are not valid.\n\nPlease make sure to provide valid database credentials for the database server at `localhost`.\n    at $n.handleRequestError (/Users/lijunyi/road/lumira/lumira-backend/node_modules/@prisma/client/runtime/library.js:121:7615)\n    at $n.handleAndLogRequestError (/Users/lijunyi/road/lumira/lumira-backend/node_modules/@prisma/client/runtime/library.js:121:6623)\n    at $n.request (/Users/lijunyi/road/lumira/lumira-backend/node_modules/@prisma/client/runtime/library.js:121:6307)\n    at async l (/Users/lijunyi/road/lumira/lumira-backend/node_modules/@prisma/client/runtime/library.js:130:9633)\n    at async AuthService.login (/Users/lijunyi/road/lumira/lumira-backend/src/services/auth.service.ts:55:18)\n    at async login (/Users/lijunyi/road/lumira/lumira-backend/src/controllers/auth.controller.ts:24:22)","timestamp":"2026-02-25T01:53:09.184Z"}
[32minfo[39m: ::1 - - [25/Feb/2026:01:53:09 +0000] "POST /api/auth/login HTTP/1.1" 500 140 "http://localhost:3000/" "Mozilla/5.0 (Macintosh; Intel Mac OS X 10_15_7) AppleWebKit/537.36 (KHTML, like Gecko) Chrome/145.0.0.0 Safari/537.36" {"service":"lumira-api","timestamp":"2026-02-25T01:53:09.185Z"}
[32minfo[39m: ::1 - - [25/Feb/2026:01:54:00 +0000] "GET /api/funds/search?keyword=000001 HTTP/1.1" 401 134 "-" "curl/8.7.1" {"service":"lumira-api","timestamp":"2026-02-25T01:54:00.046Z"}
[32minfo[39m: ::1 - - [25/Feb/2026:01:54:22 +0000] "GET /api/auth/me HTTP/1.1" 401 134 "http://localhost:3000/" "Mozilla/5.0 (Macintosh; Intel Mac OS X 10_15_7) AppleWebKit/537.36 (KHTML, like Gecko) Chrome/145.0.0.0 Safari/537.36" {"service":"lumira-api","timestamp":"2026-02-25T01:54:22.756Z"}
prisma:error 
Invalid `prisma.user.findUnique()` invocation in
/Users/lijunyi/road/lumira/lumira-backend/src/services/auth.service.ts:55:36

  52 }
  53 
  54 async login(email: string, password: string): Promise<{ user: UserResponse; tokens: AuthTokens }> {
→ 55   const user = await prisma.user.findUnique(
Authentication failed against database server at `localhost`, the provided database credentials for `user` are not valid.

Please make sure to provide valid database credentials for the database server at `localhost`.
[31merror[39m: Error occurred: {"error":"\nInvalid `prisma.user.findUnique()` invocation in\n/Users/lijunyi/road/lumira/lumira-backend/src/services/auth.service.ts:55:36\n\n  52 }\n  53 \n  54 async login(email: string, password: string): Promise<{ user: UserResponse; tokens: AuthTokens }> {\n→ 55   const user = await prisma.user.findUnique(\nAuthentication failed against database server at `localhost`, the provided database credentials for `user` are not valid.\n\nPlease make sure to provide valid database credentials for the database server at `localhost`.","method":"POST","path":"/api/auth/login","service":"lumira-api","stack":"PrismaClientInitializationError: \nInvalid `prisma.user.findUnique()` invocation in\n/Users/lijunyi/road/lumira/lumira-backend/src/services/auth.service.ts:55:36\n\n  52 }\n  53 \n  54 async login(email: string, password: string): Promise<{ user: UserResponse; tokens: AuthTokens }> {\n→ 55   const user = await prisma.user.findUnique(\nAuthentication failed against database server at `localhost`, the provided database credentials for `user` are not valid.\n\nPlease make sure to provide valid database credentials for the database server at `localhost`.\n    at $n.handleRequestError (/Users/lijunyi/road/lumira/lumira-backend/node_modules/@prisma/client/runtime/library.js:121:7615)\n    at $n.handleAndLogRequestError (/Users/lijunyi/road/lumira/lumira-backend/node_modules/@prisma/client/runtime/library.js:121:6623)\n    at $n.request (/Users/lijunyi/road/lumira/lumira-backend/node_modules/@prisma/client/runtime/library.js:121:6307)\n    at async l (/Users/lijunyi/road/lumira/lumira-backend/node_modules/@prisma/client/runtime/library.js:130:9633)\n    at async AuthService.login (/Users/lijunyi/road/lumira/lumira-backend/src/services/auth.service.ts:55:18)\n    at async login (/Users/lijunyi/road/lumira/lumira-backend/src/controllers/auth.controller.ts:24:22)","timestamp":"2026-02-25T01:54:27.015Z"}
[32minfo[39m: ::1 - - [25/Feb/2026:01:54:27 +0000] "POST /api/auth/login HTTP/1.1" 500 140 "http://localhost:3000/" "Mozilla/5.0 (Macintosh; Intel Mac OS X 10_15_7) AppleWebKit/537.36 (KHTML, like Gecko) Chrome/145.0.0.0 Safari/537.36" {"service":"lumira-api","timestamp":"2026-02-25T01:54:27.017Z"}
